#
# There is insufficient memory for the Java Runtime Environment to continue.
# Native memory allocation (mmap) failed to map 536870912 bytes for G1 virtual space
# Possible reasons:
#   The system is out of physical RAM or swap space
#   The process is running with CompressedOops enabled, and the Java Heap may be blocking the growth of the native heap
# Possible solutions:
#   Reduce memory load on the system
#   Increase physical memory or swap space
#   Check if swap backing store is full
#   Decrease Java heap size (-Xmx/-Xms)
#   Decrease number of Java threads
#   Decrease Java thread stack sizes (-Xss)
#   Set larger code cache with -XX:ReservedCodeCacheSize=
#   JVM is running with Zero Based Compressed Oops mode in which the Java heap is
#     placed in the first 32GB address space. The Java Heap base address is the
#     maximum limit for the native heap growth. Please use -XX:HeapBaseMinAddress
#     to set the Java Heap base and to place the Java Heap above 32GB virtual address.
# This output file may be truncated or incomplete.
#
#  Out of Memory Error (os_windows.cpp:3532), pid=36024, tid=20336
#
# JRE version:  (17.0.2+8) (build )
# Java VM: OpenJDK 64-Bit Server VM (17.0.2+8-86, mixed mode, sharing, tiered, compressed oops, compressed class ptrs, g1 gc, windows-amd64)
# No core dump will be written. Minidumps are not enabled by default on client versions of Windows
#

---------------  S U M M A R Y ------------

Command Line: -javaagent:C:\Program Files\JetBrains\IntelliJ IDEA 2021.3.1\lib\idea_rt.jar=3391:C:\Program Files\JetBrains\IntelliJ IDEA 2021.3.1\bin -Dfile.encoding=UTF-8 org.example.client.Client

Host: AMD Ryzen 7 3700X 8-Core Processor             , 16 cores, 31G,  Windows 11 , 64 bit Build 22621 (10.0.22621.608)
Time: Tue Oct 11 09:49:25 2022 Jordan Daylight Time elapsed time: 0.008023 seconds (0d 0h 0m 0s)

---------------  T H R E A D  ---------------

Current thread (0x000001dab43d08c0):  JavaThread "Unknown thread" [_thread_in_vm, id=20336, stack(0x0000008c90600000,0x0000008c90700000)]

Stack: [0x0000008c90600000,0x0000008c90700000]
Native frames: (J=compiled Java code, j=interpreted, Vv=VM code, C=native code)
V  [jvm.dll+0x670baa]
V  [jvm.dll+0x7cfcb4]
V  [jvm.dll+0x7d145e]
V  [jvm.dll+0x7d1ac3]
V  [jvm.dll+0x242bc5]
V  [jvm.dll+0x66dac9]
V  [jvm.dll+0x662412]
V  [jvm.dll+0x300c0b]
V  [jvm.dll+0x3081a6]
V  [jvm.dll+0x357d0e]
V  [jvm.dll+0x357f3f]
V  [jvm.dll+0x2d7ec8]
V  [jvm.dll+0x2d8e34]
V  [jvm.dll+0x7a18c1]
V  [jvm.dll+0x365a91]
V  [jvm.dll+0x780d2c]
V  [jvm.dll+0x3e845f]
V  [jvm.dll+0x3e9f01]
C  [jli.dll+0x527b]
C  [ucrtbase.dll+0x29363]
C  [KERNEL32.DLL+0x1244d]
C  [ntdll.dll+0x5df78]


---------------  P R O C E S S  ---------------

Threads class SMR info:
_java_thread_list=0x00007ffa307d9858, length=0, elements={
}

Java Threads: ( => current thread )

Other Threads:
  0x000001dab44446f0 GCTaskThread "GC Thread#0" [stack: 0x0000008c90700000,0x0000008c90800000] [id=22064]
  0x000001dab4455710 ConcurrentGCThread "G1 Main Marker" [stack: 0x0000008c90800000,0x0000008c90900000] [id=34752]
  0x000001dab4456130 ConcurrentGCThread "G1 Conc#0" [stack: 0x0000008c90900000,0x0000008c90a00000] [id=29140]

[error occurred during error reporting (printing all threads), id 0xc0000005, EXCEPTION_ACCESS_VIOLATION (0xc0000005) at pc=0x00007ffa300288a7]

VM state: not at safepoint (not fully initialized)

VM Mutex/Monitor currently owned by a thread:  ([mutex/lock_event])
[0x000001dab43cced0] Heap_lock - owner thread: 0x000001dab43d08c0

Heap address: 0x0000000601000000, size: 8176 MB, Compressed Oops mode: Zero based, Oop shift amount: 3

CDS archive(s) mapped at: [0x0000000000000000-0x0000000000000000-0x0000000000000000), size 0, SharedBaseAddress: 0x0000000800000000, ArchiveRelocationMode: 0.
Narrow klass base: 0x0000000000000000, Narrow klass shift: 0, Narrow klass range: 0x0

GC Precious Log:
<Empty>

Heap:
 garbage-first heap   total 0K, used 0K [0x0000000601000000, 0x0000000800000000)
  region size 4096K, 0 young (0K), 0 survivors (0K)

[error occurred during error reporting (printing heap information), id 0xc0000005, EXCEPTION_ACCESS_VIOLATION (0xc0000005) at pc=0x00007ffa30409f19]

GC Heap History (0 events):
No events

Deoptimization events (0 events):
No events

Classes unloaded (0 events):
No events

Classes redefined (0 events):
No events

Internal exceptions (0 events):
No events

VM Operations (0 events):
No events

Events (1 events):
Event: 0.005 Loaded shared library C:\Users\meham\.jdks\openjdk-17.0.2\bin\java.dll


Dynamic libraries:
0x00007ff6987c0000 - 0x00007ff6987ce000 	C:\Users\meham\.jdks\openjdk-17.0.2\bin\java.exe
0x00007ffad3a30000 - 0x00007ffad3c44000 	C:\WINDOWS\SYSTEM32\ntdll.dll
0x00007ffad2240000 - 0x00007ffad2302000 	C:\WINDOWS\System32\KERNEL32.DLL
0x00007ffad13d0000 - 0x00007ffad176c000 	C:\WINDOWS\System32\KERNELBASE.dll
0x00007ffad0ed0000 - 0x00007ffad0fe1000 	C:\WINDOWS\System32\ucrtbase.dll
0x00007ffaca520000 - 0x00007ffaca53a000 	C:\Users\meham\.jdks\openjdk-17.0.2\bin\VCRUNTIME140.dll
0x00007ffaca550000 - 0x00007ffaca568000 	C:\Users\meham\.jdks\openjdk-17.0.2\bin\jli.dll
0x00007ffad1d30000 - 0x00007ffad1eda000 	C:\WINDOWS\System32\USER32.dll
0x00007ffad0ff0000 - 0x00007ffad1016000 	C:\WINDOWS\System32\win32u.dll
0x00007ffad3800000 - 0x00007ffad3829000 	C:\WINDOWS\System32\GDI32.dll
0x00007ffaba440000 - 0x00007ffaba6ce000 	C:\WINDOWS\WinSxS\amd64_microsoft.windows.common-controls_6595b64144ccf1df_6.0.22621.608_none_a9444ca7c10bb01d\COMCTL32.dll
0x00007ffad1020000 - 0x00007ffad1132000 	C:\WINDOWS\System32\gdi32full.dll
0x00007ffad35c0000 - 0x00007ffad3667000 	C:\WINDOWS\System32\msvcrt.dll
0x00007ffad11c0000 - 0x00007ffad125a000 	C:\WINDOWS\System32\msvcp_win.dll
0x00007ffad1cf0000 - 0x00007ffad1d21000 	C:\WINDOWS\System32\IMM32.DLL
0x00007ffaca500000 - 0x00007ffaca50c000 	C:\Users\meham\.jdks\openjdk-17.0.2\bin\vcruntime140_1.dll
0x00007ffabb6b0000 - 0x00007ffabb73d000 	C:\Users\meham\.jdks\openjdk-17.0.2\bin\msvcp140.dll
0x00007ffa2fd40000 - 0x00007ffa30901000 	C:\Users\meham\.jdks\openjdk-17.0.2\bin\server\jvm.dll
0x00007ffad2070000 - 0x00007ffad211e000 	C:\WINDOWS\System32\ADVAPI32.dll
0x00007ffad3310000 - 0x00007ffad33b4000 	C:\WINDOWS\System32\sechost.dll
0x00007ffad36e0000 - 0x00007ffad37f5000 	C:\WINDOWS\System32\RPCRT4.dll
0x00007ffad2230000 - 0x00007ffad2238000 	C:\WINDOWS\System32\PSAPI.DLL
0x00007ffabcab0000 - 0x00007ffabcab9000 	C:\WINDOWS\SYSTEM32\WSOCK32.dll
0x00007ffac89e0000 - 0x00007ffac8a14000 	C:\WINDOWS\SYSTEM32\WINMM.dll
0x00007ffac7950000 - 0x00007ffac795a000 	C:\WINDOWS\SYSTEM32\VERSION.dll
0x00007ffad2120000 - 0x00007ffad2191000 	C:\WINDOWS\System32\WS2_32.dll
0x00007ffacfea0000 - 0x00007ffacfeb8000 	C:\WINDOWS\SYSTEM32\kernel.appcore.dll
0x00007ffaca4b0000 - 0x00007ffaca4ba000 	C:\Users\meham\.jdks\openjdk-17.0.2\bin\jimage.dll
0x00007fface930000 - 0x00007ffaceb5e000 	C:\WINDOWS\SYSTEM32\DBGHELP.DLL
0x00007ffad1950000 - 0x00007ffad1cd9000 	C:\WINDOWS\System32\combase.dll
0x00007ffad34e0000 - 0x00007ffad35b7000 	C:\WINDOWS\System32\OLEAUT32.dll
0x00007ffabe6d0000 - 0x00007ffabe702000 	C:\WINDOWS\SYSTEM32\dbgcore.DLL
0x00007ffad1140000 - 0x00007ffad11bb000 	C:\WINDOWS\System32\bcryptPrimitives.dll
0x00007ffacbea0000 - 0x00007ffacbeae000 	C:\Users\meham\.jdks\openjdk-17.0.2\bin\instrument.dll
0x00007ffabd7f0000 - 0x00007ffabd815000 	C:\Users\meham\.jdks\openjdk-17.0.2\bin\java.dll

dbghelp: loaded successfully - version: 4.0.5 - missing functions: none
symbol engine: initialized successfully - sym options: 0x614 - pdb path: .;C:\Users\meham\.jdks\openjdk-17.0.2\bin;C:\WINDOWS\SYSTEM32;C:\WINDOWS\WinSxS\amd64_microsoft.windows.common-controls_6595b64144ccf1df_6.0.22621.608_none_a9444ca7c10bb01d;C:\Users\meham\.jdks\openjdk-17.0.2\bin\server

VM Arguments:
jvm_args: -javaagent:C:\Program Files\JetBrains\IntelliJ IDEA 2021.3.1\lib\idea_rt.jar=3391:C:\Program Files\JetBrains\IntelliJ IDEA 2021.3.1\bin -Dfile.encoding=UTF-8 
java_command: org.example.client.Client
java_class_path (initial): D:\Mohammad\OneDrive\UniversityMaterial\AtyponMaterial-2022Summer\Assignment4-Containerization\StudentDB-v1\target\classes;C:\Users\meham\.m2\repository\mysql\mysql-connector-java\8.0.30\mysql-connector-java-8.0.30.jar;C:\Users\meham\.m2\repository\com\google\protobuf\protobuf-java\3.19.4\protobuf-java-3.19.4.jar
Launcher Type: SUN_STANDARD

[Global flags]
     intx CICompilerCount                          = 12                                        {product} {ergonomic}
     uint ConcGCThreads                            = 3                                         {product} {ergonomic}
     uint G1ConcRefinementThreads                  = 13                                        {product} {ergonomic}
   size_t G1HeapRegionSize                         = 4194304                                   {product} {ergonomic}
    uintx GCDrainStackTargetSize                   = 64                                        {product} {ergonomic}
   size_t InitialHeapSize                          = 536870912                                 {product} {ergonomic}
   size_t MarkStackSize                            = 4194304                                   {product} {ergonomic}
   size_t MaxHeapSize                              = 8573157376                                {product} {ergonomic}
   size_t MinHeapDeltaBytes                        = 4194304                                   {product} {ergonomic}
   size_t MinHeapSize                              = 8388608                                   {product} {ergonomic}
    uintx NonNMethodCodeHeapSize                   = 7602480                                {pd product} {ergonomic}
    uintx NonProfiledCodeHeapSize                  = 122027880                              {pd product} {ergonomic}
    uintx ProfiledCodeHeapSize                     = 122027880                              {pd product} {ergonomic}
    uintx ReservedCodeCacheSize                    = 251658240                              {pd product} {ergonomic}
     bool SegmentedCodeCache                       = true                                      {product} {ergonomic}
   size_t SoftMaxHeapSize                          = 8573157376                             {manageable} {ergonomic}
     bool UseCompressedClassPointers               = true                           {product lp64_product} {ergonomic}
     bool UseCompressedOops                        = true                           {product lp64_product} {ergonomic}
     bool UseG1GC                                  = true                                      {product} {ergonomic}
     bool UseLargePagesIndividualAllocation        = false                                  {pd product} {ergonomic}

Logging:
Log output configuration:
 #0: stdout all=warning uptime,level,tags
 #1: stderr all=off uptime,level,tags

Environment Variables:
JAVA_HOME=C:\Program Files\Java\jdk-17.0.2
PATH=C:\Program Files (x86)\VMware\VMware Workstation\bin\;C:\Program Files\Java\jdk-17.0.2\bin;C:\Program Files\apache-maven-3.8.4\bin;C:\Program Files (x86)\Common Files\Intel\Shared Libraries\redist\intel64_win\compiler;C:\Program Files (x86)\Common Files\Intel\Shared Libraries\redist\intel64\compiler;C:\WINDOWS\system32;C:\WINDOWS;C:\WINDOWS\System32\Wbem;C:\WINDOWS\System32\WindowsPowerShell\v1.0\;C:\WINDOWS\System32\OpenSSH\;C:\Program Files\dotnet\;C:\Program Files\Microsoft SQL Server\130\Tools\Binn\;C:\Program Files\Microsoft SQL Server\Client SDK\ODBC\170\Tools\Binn\;C:\Program Files\Calibre2\;C:\Program Files (x86)\Microsoft SQL Server\90\Tools\binn\;C:\Program Files (x86)\National Instruments\Shared\LabVIEW CLI;C:\Program Files\MATLAB\R2021a\runtime\win64;C:\Program Files\MATLAB\R2021a\bin;C:\Program Files\MATLAB\R2021a\polyspace\bin;C:\Program Files\MATLAB\MATLAB Runtime\v910\runtime\win64;C:\Program Files\PowerShell\7-preview\preview;C:\Program Files (x86)\Eclipse\Sumo\bin\;C:\Program Files (x86)\Eclipse\Sumo\tools\;C:\Program Files\Microsoft SQL Server\150\Tools\Binn\;C:\Program Files\Graphviz\bin;C:\Program Files (x86)\dotnet\;C:\Program Files\Git\cmd;C:\Program Files (x86)\Microsoft SQL Server\150\Tools\Binn\;C:\Program Files\Microsoft SQL Server\150\DTS\Binn\;C:\Program Files (x86)\Windows Kits\8.1\Windows Performance Toolkit\;C:\Program Files\Microsoft SQL Server\120\Tools\Binn\;C:\Program Files\PowerShell\7\;C:\Program Files\Docker\Docker\resources\bin;C:\ProgramData\DockerDesktop\version-bin;C:\Program Files\nodejs\;%SystemRoot%\system32;%SystemRoot%;%SystemRoot%\System32\Wbem;%SYSTEMROOT%\System32\WindowsPowerShell\v1.0\;%SYSTEMROOT%\System32\OpenSSH\;%PNPM_HOME%;C:\Program Files\MySQL\MySQL Shell 8.0\bin\;C:\Users\meham\AppData\Local\Programs\Python\Python310\Scripts\;C:\Users\meham\AppData\Local\Programs\Python\Python310\;C:\Program Files (x86)\Eclipse\Sumo\bin;C:\Users\meham\AppData\Local\atom\bin;C:\Users\meham\AppData\Local\GitHubDesktop\bin;
USERNAME=meham
OS=Windows_NT
PROCESSOR_IDENTIFIER=AMD64 Family 23 Model 113 Stepping 0, AuthenticAMD



---------------  S Y S T E M  ---------------

OS:
 Windows 11 , 64 bit Build 22621 (10.0.22621.608)
OS uptime: 2 days 18:43 hours
Hyper-V role detected

CPU: total 16 (initial active 16) (16 cores per cpu, 2 threads per core) family 23 model 113 stepping 0 microcode 0x0, cx8, cmov, fxsr, ht, mmx, 3dnowpref, sse, sse2, sse3, ssse3, sse4a, sse4.1, sse4.2, popcnt, lzcnt, tsc, tscinvbit, avx, avx2, aes, clmul, bmi1, bmi2, adx, sha, fma, vzeroupper, clflush, clflushopt, hv

Memory: 4k page, system-wide physical 32693M (5113M free)
TotalPageFile size 57693M (AvailPageFile size 302M)
current process WorkingSet (physical memory assigned to process): 11M, peak: 11M
current process commit charge ("private bytes"): 70M, peak: 582M

vm_info: OpenJDK 64-Bit Server VM (17.0.2+8-86) for windows-amd64 JRE (17.0.2+8-86), built on Dec  7 2021 21:49:10 by "mach5one" with MS VC++ 16.8 / 16.9 (VS2019)

END.
